{"uid":"c81511083fc83c4d","name":"test_delete_reacrion","fullName":"test_Front.TestMessage#test_delete_reacrion","historyId":"5ffbaf6981e99dd2f235750bf8ea60c2","time":{"start":1729948273933,"stop":1729948273933,"duration":0},"status":"broken","statusMessage":"selenium.common.exceptions.TimeoutException: Message: Can't find element by locator ('xpath', '//button//div[text()=\"Вход\"]')\nStacktrace:\n#0 0x558a5d9ac0aa <unknown>\n#1 0x558a5d4c31a0 <unknown>\n#2 0x558a5d50fd06 <unknown>\n#3 0x558a5d50ffa1 <unknown>\n#4 0x558a5d555344 <unknown>\n#5 0x558a5d533dad <unknown>\n#6 0x558a5d552866 <unknown>\n#7 0x558a5d533b23 <unknown>\n#8 0x558a5d502990 <unknown>\n#9 0x558a5d50396e <unknown>\n#10 0x558a5d97816b <unknown>\n#11 0x558a5d97bf68 <unknown>\n#12 0x558a5d96564c <unknown>\n#13 0x558a5d97cae7 <unknown>\n#14 0x558a5d94a4af <unknown>\n#15 0x558a5d99a4f8 <unknown>\n#16 0x558a5d99a6c0 <unknown>\n#17 0x558a5d9aaf26 <unknown>\n#18 0x7f4a46a94ac3 <unknown>","statusTrace":"request = <SubRequest 'init_driver' for <Function test_send_message>>\n\n    @pytest.fixture(scope=\"class\")\n    def init_driver(request):\n        # Инициализация драйвера\n        options = webdriver.ChromeOptions()\n        options.add_argument('--headless')\n        driver = webdriver.Chrome(options=options)\n    \n        driver.implicitly_wait(10)\n        driver.maximize_window()\n        request.cls.driver = driver\n    \n        # Инициализация страницы\n        login_page = LoginPage(driver)\n        home_page = HomePage(driver)\n    \n        # Открытие страницы\n        login_page.open_login_page()\n    \n        # Логинимся\n>       login_page.login_user()\n\nconftest.py:29: \n_ _ _ _ _ _ _ _ _ _ _ _ _ _ _ _ _ _ _ _ _ _ _ _ _ _ _ _ _ _ _ _ _ _ _ _ _ _ _ _ \nlogin_page.py:27: in login_user\n    self.find_element(self.login_user_button_locator())\nbase_page.py:13: in find_element\n    return WebDriverWait(self.driver, time).until(EC.presence_of_element_located(locator),\n_ _ _ _ _ _ _ _ _ _ _ _ _ _ _ _ _ _ _ _ _ _ _ _ _ _ _ _ _ _ _ _ _ _ _ _ _ _ _ _ \n\nself = <selenium.webdriver.support.wait.WebDriverWait (session=\"6e0cc187432218e28d9d32f79f1c8d23\")>\nmethod = <function presence_of_element_located.<locals>._predicate at 0x7fd2e95a1870>\nmessage = 'Can\\'t find element by locator (\\'xpath\\', \\'//button//div[text()=\"Вход\"]\\')'\n\n    def until(self, method: Callable[[D], Union[Literal[False], T]], message: str = \"\") -> T:\n        \"\"\"Calls the method provided with the driver as an argument until the \\\n        return value does not evaluate to ``False``.\n    \n        :param method: callable(WebDriver)\n        :param message: optional message for :exc:`TimeoutException`\n        :returns: the result of the last call to `method`\n        :raises: :exc:`selenium.common.exceptions.TimeoutException` if timeout occurs\n        \"\"\"\n        screen = None\n        stacktrace = None\n    \n        end_time = time.monotonic() + self._timeout\n        while True:\n            try:\n                value = method(self._driver)\n                if value:\n                    return value\n            except self._ignored_exceptions as exc:\n                screen = getattr(exc, \"screen\", None)\n                stacktrace = getattr(exc, \"stacktrace\", None)\n            time.sleep(self._poll)\n            if time.monotonic() > end_time:\n                break\n>       raise TimeoutException(message, screen, stacktrace)\nE       selenium.common.exceptions.TimeoutException: Message: Can't find element by locator ('xpath', '//button//div[text()=\"Вход\"]')\nE       Stacktrace:\nE       #0 0x558a5d9ac0aa <unknown>\nE       #1 0x558a5d4c31a0 <unknown>\nE       #2 0x558a5d50fd06 <unknown>\nE       #3 0x558a5d50ffa1 <unknown>\nE       #4 0x558a5d555344 <unknown>\nE       #5 0x558a5d533dad <unknown>\nE       #6 0x558a5d552866 <unknown>\nE       #7 0x558a5d533b23 <unknown>\nE       #8 0x558a5d502990 <unknown>\nE       #9 0x558a5d50396e <unknown>\nE       #10 0x558a5d97816b <unknown>\nE       #11 0x558a5d97bf68 <unknown>\nE       #12 0x558a5d96564c <unknown>\nE       #13 0x558a5d97cae7 <unknown>\nE       #14 0x558a5d94a4af <unknown>\nE       #15 0x558a5d99a4f8 <unknown>\nE       #16 0x558a5d99a6c0 <unknown>\nE       #17 0x558a5d9aaf26 <unknown>\nE       #18 0x7f4a46a94ac3 <unknown>\n\n/opt/hostedtoolcache/Python/3.10.15/x64/lib/python3.10/site-packages/selenium/webdriver/support/wait.py:105: TimeoutException","flaky":false,"newFailed":false,"newBroken":false,"newPassed":false,"retriesCount":0,"retriesStatusChange":false,"beforeStages":[{"name":"init_driver","time":{"start":1729948239995,"stop":1729948273902,"duration":33907},"status":"broken","statusMessage":"selenium.common.exceptions.TimeoutException: Message: Can't find element by locator ('xpath', '//button//div[text()=\"Вход\"]')\nStacktrace:\n#0 0x558a5d9ac0aa <unknown>\n#1 0x558a5d4c31a0 <unknown>\n#2 0x558a5d50fd06 <unknown>\n#3 0x558a5d50ffa1 <unknown>\n#4 0x558a5d555344 <unknown>\n#5 0x558a5d533dad <unknown>\n#6 0x558a5d552866 <unknown>\n#7 0x558a5d533b23 <unknown>\n#8 0x558a5d502990 <unknown>\n#9 0x558a5d50396e <unknown>\n#10 0x558a5d97816b <unknown>\n#11 0x558a5d97bf68 <unknown>\n#12 0x558a5d96564c <unknown>\n#13 0x558a5d97cae7 <unknown>\n#14 0x558a5d94a4af <unknown>\n#15 0x558a5d99a4f8 <unknown>\n#16 0x558a5d99a6c0 <unknown>\n#17 0x558a5d9aaf26 <unknown>\n#18 0x7f4a46a94ac3 <unknown>\n\n","statusTrace":"  File \"/opt/hostedtoolcache/Python/3.10.15/x64/lib/python3.10/site-packages/pluggy/_callers.py\", line 167, in _multicall\n    teardown.throw(outcome._exception)\n  File \"/opt/hostedtoolcache/Python/3.10.15/x64/lib/python3.10/site-packages/_pytest/setuponly.py\", line 36, in pytest_fixture_setup\n    return (yield)\n  File \"/opt/hostedtoolcache/Python/3.10.15/x64/lib/python3.10/site-packages/pluggy/_callers.py\", line 103, in _multicall\n    res = hook_impl.function(*args)\n  File \"/opt/hostedtoolcache/Python/3.10.15/x64/lib/python3.10/site-packages/_pytest/fixtures.py\", line 1140, in pytest_fixture_setup\n    result = call_fixture_func(fixturefunc, request, kwargs)\n  File \"/opt/hostedtoolcache/Python/3.10.15/x64/lib/python3.10/site-packages/_pytest/fixtures.py\", line 891, in call_fixture_func\n    fixture_result = next(generator)\n  File \"/home/runner/work/Dc/Dc/conftest.py\", line 29, in init_driver\n    login_page.login_user()\n  File \"/home/runner/work/Dc/Dc/login_page.py\", line 27, in login_user\n    self.find_element(self.login_user_button_locator())\n  File \"/home/runner/work/Dc/Dc/base_page.py\", line 13, in find_element\n    return WebDriverWait(self.driver, time).until(EC.presence_of_element_located(locator),\n  File \"/opt/hostedtoolcache/Python/3.10.15/x64/lib/python3.10/site-packages/selenium/webdriver/support/wait.py\", line 105, in until\n    raise TimeoutException(message, screen, stacktrace)\n","steps":[],"attachments":[],"parameters":[],"shouldDisplayMessage":true,"stepsCount":0,"attachmentsCount":0,"hasContent":true}],"afterStages":[],"labels":[{"name":"tag","value":"@pytest.mark.usefixtures('init_driver', 'base_url')"},{"name":"suite","value":"test_Front"},{"name":"subSuite","value":"TestMessage"},{"name":"host","value":"fv-az1114-751"},{"name":"thread","value":"2277-MainThread"},{"name":"framework","value":"pytest"},{"name":"language","value":"cpython3"},{"name":"package","value":"test_Front"},{"name":"resultFormat","value":"allure2"}],"parameters":[],"links":[],"hidden":false,"retry":false,"extra":{"severity":"normal","retries":[],"categories":[{"name":"Test defects","matchedStatuses":[],"flaky":false}],"tags":["@pytest.mark.usefixtures('init_driver', 'base_url')"]},"source":"c81511083fc83c4d.json","parameterValues":[]}